2023-08-24 14:39:02,982 INFO  org.apache.flink.client.cli.CliFrontend                      [] - --------------------------------------------------------------------------------
2023-08-24 14:39:02,990 INFO  org.apache.flink.client.cli.CliFrontend                      [] -  Starting Command Line Client (Version: 1.17.1, Scala: 2.12, Rev:2750d5c, Date:2023-05-19T10:45:46+02:00)
2023-08-24 14:39:02,991 INFO  org.apache.flink.client.cli.CliFrontend                      [] -  OS current user: aromero
2023-08-24 14:39:02,992 INFO  org.apache.flink.client.cli.CliFrontend                      [] -  Current Hadoop/Kerberos user: <no hadoop dependency found>
2023-08-24 14:39:02,992 INFO  org.apache.flink.client.cli.CliFrontend                      [] -  JVM: Java HotSpot(TM) 64-Bit Server VM - Oracle Corporation - 11/11.0.18+9-LTS-195
2023-08-24 14:39:02,993 INFO  org.apache.flink.client.cli.CliFrontend                      [] -  Arch: x86_64
2023-08-24 14:39:02,993 INFO  org.apache.flink.client.cli.CliFrontend                      [] -  Maximum heap size: 4096 MiBytes
2023-08-24 14:39:02,999 INFO  org.apache.flink.client.cli.CliFrontend                      [] -  JAVA_HOME: /Library/Java/JavaVirtualMachines/jdk-11.jdk/Contents/Home
2023-08-24 14:39:03,000 INFO  org.apache.flink.client.cli.CliFrontend                      [] -  No Hadoop Dependency available
2023-08-24 14:39:03,001 INFO  org.apache.flink.client.cli.CliFrontend                      [] -  JVM Options:
2023-08-24 14:39:03,001 INFO  org.apache.flink.client.cli.CliFrontend                      [] -     -Dlog.file=/Users/aromero/AromeroProjects/java/cqrs-corse/acosom-code-challenge/flink-1.17.1/log/flink-aromero-client-Abrahans-MacBook-Pro.local.log
2023-08-24 14:39:03,002 INFO  org.apache.flink.client.cli.CliFrontend                      [] -     -Dlog4j.configuration=file:/Users/aromero/AromeroProjects/java/cqrs-corse/acosom-code-challenge/flink-1.17.1/conf/log4j-cli.properties
2023-08-24 14:39:03,002 INFO  org.apache.flink.client.cli.CliFrontend                      [] -     -Dlog4j.configurationFile=file:/Users/aromero/AromeroProjects/java/cqrs-corse/acosom-code-challenge/flink-1.17.1/conf/log4j-cli.properties
2023-08-24 14:39:03,003 INFO  org.apache.flink.client.cli.CliFrontend                      [] -     -Dlogback.configurationFile=file:/Users/aromero/AromeroProjects/java/cqrs-corse/acosom-code-challenge/flink-1.17.1/conf/logback.xml
2023-08-24 14:39:03,003 INFO  org.apache.flink.client.cli.CliFrontend                      [] -  Program Arguments:
2023-08-24 14:39:03,009 INFO  org.apache.flink.client.cli.CliFrontend                      [] -     run
2023-08-24 14:39:03,010 INFO  org.apache.flink.client.cli.CliFrontend                      [] -     ../../acosom-flink-app/target/acosom-flink-app-1.0-SNAPSHOT.jar
2023-08-24 14:39:03,010 INFO  org.apache.flink.client.cli.CliFrontend                      [] -  Classpath: /Users/aromero/AromeroProjects/java/cqrs-corse/acosom-code-challenge/flink-1.17.1/lib/flink-cep-1.17.1.jar:/Users/aromero/AromeroProjects/java/cqrs-corse/acosom-code-challenge/flink-1.17.1/lib/flink-connector-files-1.17.1.jar:/Users/aromero/AromeroProjects/java/cqrs-corse/acosom-code-challenge/flink-1.17.1/lib/flink-csv-1.17.1.jar:/Users/aromero/AromeroProjects/java/cqrs-corse/acosom-code-challenge/flink-1.17.1/lib/flink-json-1.17.1.jar:/Users/aromero/AromeroProjects/java/cqrs-corse/acosom-code-challenge/flink-1.17.1/lib/flink-scala_2.12-1.17.1.jar:/Users/aromero/AromeroProjects/java/cqrs-corse/acosom-code-challenge/flink-1.17.1/lib/flink-table-api-java-uber-1.17.1.jar:/Users/aromero/AromeroProjects/java/cqrs-corse/acosom-code-challenge/flink-1.17.1/lib/flink-table-planner-loader-1.17.1.jar:/Users/aromero/AromeroProjects/java/cqrs-corse/acosom-code-challenge/flink-1.17.1/lib/flink-table-runtime-1.17.1.jar:/Users/aromero/AromeroProjects/java/cqrs-corse/acosom-code-challenge/flink-1.17.1/lib/log4j-1.2-api-2.17.1.jar:/Users/aromero/AromeroProjects/java/cqrs-corse/acosom-code-challenge/flink-1.17.1/lib/log4j-api-2.17.1.jar:/Users/aromero/AromeroProjects/java/cqrs-corse/acosom-code-challenge/flink-1.17.1/lib/log4j-core-2.17.1.jar:/Users/aromero/AromeroProjects/java/cqrs-corse/acosom-code-challenge/flink-1.17.1/lib/log4j-slf4j-impl-2.17.1.jar:/Users/aromero/AromeroProjects/java/cqrs-corse/acosom-code-challenge/flink-1.17.1/lib/flink-dist-1.17.1.jar:::
2023-08-24 14:39:03,011 INFO  org.apache.flink.client.cli.CliFrontend                      [] - --------------------------------------------------------------------------------
2023-08-24 14:39:03,033 INFO  org.apache.flink.configuration.GlobalConfiguration           [] - Loading configuration property: taskmanager.memory.process.size, 1728m
2023-08-24 14:39:03,041 INFO  org.apache.flink.configuration.GlobalConfiguration           [] - Loading configuration property: jobmanager.bind-host, localhost
2023-08-24 14:39:03,042 INFO  org.apache.flink.configuration.GlobalConfiguration           [] - Loading configuration property: taskmanager.bind-host, localhost
2023-08-24 14:39:03,043 INFO  org.apache.flink.configuration.GlobalConfiguration           [] - Loading configuration property: taskmanager.host, localhost
2023-08-24 14:39:03,044 INFO  org.apache.flink.configuration.GlobalConfiguration           [] - Loading configuration property: parallelism.default, 1
2023-08-24 14:39:03,044 INFO  org.apache.flink.configuration.GlobalConfiguration           [] - Loading configuration property: jobmanager.execution.failover-strategy, region
2023-08-24 14:39:03,044 INFO  org.apache.flink.configuration.GlobalConfiguration           [] - Loading configuration property: jobmanager.rpc.address, localhost
2023-08-24 14:39:03,045 INFO  org.apache.flink.configuration.GlobalConfiguration           [] - Loading configuration property: taskmanager.numberOfTaskSlots, 1
2023-08-24 14:39:03,045 INFO  org.apache.flink.configuration.GlobalConfiguration           [] - Loading configuration property: rest.address, localhost
2023-08-24 14:39:03,045 INFO  org.apache.flink.configuration.GlobalConfiguration           [] - Loading configuration property: jobmanager.memory.process.size, 1600m
2023-08-24 14:39:03,045 INFO  org.apache.flink.configuration.GlobalConfiguration           [] - Loading configuration property: jobmanager.rpc.port, 6123
2023-08-24 14:39:03,046 INFO  org.apache.flink.configuration.GlobalConfiguration           [] - Loading configuration property: rest.bind-address, localhost
2023-08-24 14:39:03,231 INFO  org.apache.flink.client.cli.CliFrontend                      [] - Loading FallbackYarnSessionCli
2023-08-24 14:39:03,419 INFO  org.apache.flink.core.fs.FileSystem                          [] - Hadoop is not in the classpath/dependencies. The extended set of supported File Systems via Hadoop is not available.
2023-08-24 14:39:03,510 INFO  org.apache.flink.core.plugin.DefaultPluginManager            [] - Plugin loader with ID not found, creating it: metrics-statsd
2023-08-24 14:39:03,532 INFO  org.apache.flink.core.plugin.DefaultPluginManager            [] - Plugin loader with ID not found, creating it: metrics-prometheus
2023-08-24 14:39:03,533 INFO  org.apache.flink.core.plugin.DefaultPluginManager            [] - Plugin loader with ID not found, creating it: metrics-graphite
2023-08-24 14:39:03,539 INFO  org.apache.flink.core.plugin.DefaultPluginManager            [] - Plugin loader with ID not found, creating it: external-resource-gpu
2023-08-24 14:39:03,540 INFO  org.apache.flink.core.plugin.DefaultPluginManager            [] - Plugin loader with ID not found, creating it: metrics-jmx
2023-08-24 14:39:03,541 INFO  org.apache.flink.core.plugin.DefaultPluginManager            [] - Plugin loader with ID not found, creating it: metrics-influx
2023-08-24 14:39:03,542 INFO  org.apache.flink.core.plugin.DefaultPluginManager            [] - Plugin loader with ID not found, creating it: metrics-slf4j
2023-08-24 14:39:03,543 INFO  org.apache.flink.core.plugin.DefaultPluginManager            [] - Plugin loader with ID not found, creating it: metrics-datadog
2023-08-24 14:39:03,753 INFO  org.apache.flink.runtime.security.modules.HadoopModuleFactory [] - Cannot create Hadoop Security Module because Hadoop cannot be found in the Classpath.
2023-08-24 14:39:03,859 INFO  org.apache.flink.runtime.security.modules.JaasModule         [] - Jaas file will be created as /var/folders/x1/pr8c20ks4vqgjl0bv5_h2ss00000gn/T/jaas-7264740127637033869.conf.
2023-08-24 14:39:03,886 INFO  org.apache.flink.runtime.security.contexts.HadoopSecurityContextFactory [] - Cannot install HadoopSecurityContext because Hadoop cannot be found in the Classpath.
2023-08-24 14:39:03,890 INFO  org.apache.flink.client.cli.CliFrontend                      [] - Running 'run' command.
2023-08-24 14:39:03,978 INFO  org.apache.flink.client.cli.CliFrontend                      [] - Building program from JAR file
2023-08-24 14:39:04,088 INFO  org.apache.flink.client.ClientUtils                          [] - Starting program (detached: false)
2023-08-24 14:39:05,500 WARN  org.apache.flink.streaming.connectors.kafka.FlinkKafkaProducer [] - Property [transaction.timeout.ms] not specified. Setting it to 3600000 ms
2023-08-24 14:39:05,704 INFO  org.apache.flink.api.java.typeutils.TypeExtractor            [] - class java.time.LocalDateTime does not contain a getter for field date
2023-08-24 14:39:05,704 INFO  org.apache.flink.api.java.typeutils.TypeExtractor            [] - class java.time.LocalDateTime does not contain a setter for field date
2023-08-24 14:39:05,705 INFO  org.apache.flink.api.java.typeutils.TypeExtractor            [] - Class class java.time.LocalDateTime cannot be used as a POJO type because not all fields are valid POJO fields, and must be processed as GenericType. Please read the Flink documentation on "Data Types & Serialization" for details of the effect on performance and schema evolution.
2023-08-24 14:39:05,708 INFO  org.apache.flink.api.java.typeutils.TypeExtractor            [] - Field UserInteraction#createdAt will be processed as GenericType. Please read the Flink documentation on "Data Types & Serialization" for details of the effect on performance and schema evolution.
2023-08-24 14:39:05,779 INFO  org.apache.flink.api.java.typeutils.TypeExtractor            [] - class java.time.LocalDateTime does not contain a getter for field date
2023-08-24 14:39:05,780 INFO  org.apache.flink.api.java.typeutils.TypeExtractor            [] - class java.time.LocalDateTime does not contain a setter for field date
2023-08-24 14:39:05,780 INFO  org.apache.flink.api.java.typeutils.TypeExtractor            [] - Class class java.time.LocalDateTime cannot be used as a POJO type because not all fields are valid POJO fields, and must be processed as GenericType. Please read the Flink documentation on "Data Types & Serialization" for details of the effect on performance and schema evolution.
2023-08-24 14:39:05,780 INFO  org.apache.flink.api.java.typeutils.TypeExtractor            [] - Field UserDataCombine#createdAt will be processed as GenericType. Please read the Flink documentation on "Data Types & Serialization" for details of the effect on performance and schema evolution.
2023-08-24 14:39:05,831 INFO  org.apache.flink.api.java.typeutils.TypeExtractor            [] - class org.apache.flink.streaming.api.datastream.CoGroupedStreams$TaggedUnion does not contain a setter for field one
2023-08-24 14:39:05,831 INFO  org.apache.flink.api.java.typeutils.TypeExtractor            [] - Class class org.apache.flink.streaming.api.datastream.CoGroupedStreams$TaggedUnion cannot be used as a POJO type because not all fields are valid POJO fields, and must be processed as GenericType. Please read the Flink documentation on "Data Types & Serialization" for details of the effect on performance and schema evolution.
2023-08-24 14:39:05,840 INFO  org.apache.flink.api.java.typeutils.TypeExtractor            [] - class org.apache.flink.streaming.api.datastream.CoGroupedStreams$TaggedUnion does not contain a setter for field one
2023-08-24 14:39:05,841 INFO  org.apache.flink.api.java.typeutils.TypeExtractor            [] - Class class org.apache.flink.streaming.api.datastream.CoGroupedStreams$TaggedUnion cannot be used as a POJO type because not all fields are valid POJO fields, and must be processed as GenericType. Please read the Flink documentation on "Data Types & Serialization" for details of the effect on performance and schema evolution.
2023-08-24 14:39:05,952 INFO  org.apache.flink.api.java.typeutils.TypeExtractor            [] - class java.time.LocalDateTime does not contain a getter for field date
2023-08-24 14:39:05,952 INFO  org.apache.flink.api.java.typeutils.TypeExtractor            [] - class java.time.LocalDateTime does not contain a setter for field date
2023-08-24 14:39:05,953 INFO  org.apache.flink.api.java.typeutils.TypeExtractor            [] - Class class java.time.LocalDateTime cannot be used as a POJO type because not all fields are valid POJO fields, and must be processed as GenericType. Please read the Flink documentation on "Data Types & Serialization" for details of the effect on performance and schema evolution.
2023-08-24 14:39:05,953 INFO  org.apache.flink.api.java.typeutils.TypeExtractor            [] - Field UserDataCombine#createdAt will be processed as GenericType. Please read the Flink documentation on "Data Types & Serialization" for details of the effect on performance and schema evolution.
2023-08-24 14:39:05,956 INFO  org.apache.flink.api.java.typeutils.TypeExtractor            [] - class java.util.HashMap does not contain a getter for field threshold
2023-08-24 14:39:05,956 INFO  org.apache.flink.api.java.typeutils.TypeExtractor            [] - class java.util.HashMap does not contain a setter for field threshold
2023-08-24 14:39:05,957 INFO  org.apache.flink.api.java.typeutils.TypeExtractor            [] - Class class java.util.HashMap cannot be used as a POJO type because not all fields are valid POJO fields, and must be processed as GenericType. Please read the Flink documentation on "Data Types & Serialization" for details of the effect on performance and schema evolution.
2023-08-24 14:39:05,984 INFO  org.apache.flink.api.java.typeutils.TypeExtractor            [] - Tuple field #4 of type 'HashMap' will be processed as GenericType. Please read the Flink documentation on "Data Types & Serialization" for details of the effect on performance and schema evolution.
2023-08-24 14:39:06,142 INFO  org.apache.flink.api.java.typeutils.TypeExtractor            [] - class java.time.LocalDateTime does not contain a getter for field date
2023-08-24 14:39:06,142 INFO  org.apache.flink.api.java.typeutils.TypeExtractor            [] - class java.time.LocalDateTime does not contain a setter for field date
2023-08-24 14:39:06,143 INFO  org.apache.flink.api.java.typeutils.TypeExtractor            [] - Class class java.time.LocalDateTime cannot be used as a POJO type because not all fields are valid POJO fields, and must be processed as GenericType. Please read the Flink documentation on "Data Types & Serialization" for details of the effect on performance and schema evolution.
2023-08-24 14:39:06,143 INFO  org.apache.flink.api.java.typeutils.TypeExtractor            [] - Field UserDataPresentation#createdAt will be processed as GenericType. Please read the Flink documentation on "Data Types & Serialization" for details of the effect on performance and schema evolution.
2023-08-24 14:39:07,609 INFO  org.apache.flink.client.program.rest.RestClusterClient       [] - Submitting job 'DataAnalyticsStreamJob' (1c36cfdf883e653238f0091dc7b15972).
2023-08-24 14:39:12,898 INFO  org.apache.flink.client.program.rest.RestClusterClient       [] - Successfully submitted job 'DataAnalyticsStreamJob' (1c36cfdf883e653238f0091dc7b15972) to 'http://localhost:8081'.
